2021-05-16 23:48:59 [scrapy.extensions.telnet] INFO: Telnet Password: 614f93fac995a766
2021-05-16 23:48:59 [scrapy.middleware] INFO: Enabled extensions:
['scrapy.extensions.corestats.CoreStats',
 'scrapy.extensions.telnet.TelnetConsole',
 'scrapy.extensions.memusage.MemoryUsage',
 'scrapy.extensions.feedexport.FeedExporter',
 'scrapy.extensions.logstats.LogStats',
 'scrapy.extensions.throttle.AutoThrottle']
2021-05-16 23:48:59 [scrapy.middleware] INFO: Enabled downloader middlewares:
['scrapy.downloadermiddlewares.httpauth.HttpAuthMiddleware',
 'scrapy.downloadermiddlewares.downloadtimeout.DownloadTimeoutMiddleware',
 'scrapy.downloadermiddlewares.defaultheaders.DefaultHeadersMiddleware',
 'scrapy.downloadermiddlewares.useragent.UserAgentMiddleware',
 'scrapy.downloadermiddlewares.retry.RetryMiddleware',
 'scrapy.downloadermiddlewares.redirect.MetaRefreshMiddleware',
 'scrapy.downloadermiddlewares.httpcompression.HttpCompressionMiddleware',
 'scrapy.downloadermiddlewares.redirect.RedirectMiddleware',
 'scrapy.downloadermiddlewares.cookies.CookiesMiddleware',
 'scrapy.downloadermiddlewares.httpproxy.HttpProxyMiddleware',
 'scrapy.downloadermiddlewares.stats.DownloaderStats']
2021-05-16 23:48:59 [scrapy.middleware] INFO: Enabled spider middlewares:
['scrapy.spidermiddlewares.httperror.HttpErrorMiddleware',
 'scrapy.spidermiddlewares.offsite.OffsiteMiddleware',
 'scrapy.spidermiddlewares.referer.RefererMiddleware',
 'scrapy.spidermiddlewares.urllength.UrlLengthMiddleware',
 'scrapy.spidermiddlewares.depth.DepthMiddleware']
2021-05-16 23:48:59 [scrapy.middleware] INFO: Enabled item pipelines:
[]
2021-05-16 23:48:59 [scrapy.core.engine] INFO: Spider opened
2021-05-16 23:48:59 [scrapy.extensions.logstats] INFO: Crawled 0 pages (at 0 pages/min), scraped 0 items (at 0 items/min)
2021-05-16 23:48:59 [scrapy.extensions.telnet] INFO: Telnet console listening on 127.0.0.1:6023
2021-05-16 23:49:59 [scrapy.extensions.logstats] INFO: Crawled 1737 pages (at 1737 pages/min), scraped 14947 items (at 14947 items/min)
2021-05-16 23:50:59 [scrapy.extensions.logstats] INFO: Crawled 3919 pages (at 2182 pages/min), scraped 38844 items (at 23897 items/min)
2021-05-16 23:51:59 [scrapy.extensions.logstats] INFO: Crawled 5320 pages (at 1401 pages/min), scraped 67926 items (at 29082 items/min)
2021-05-16 23:53:00 [scrapy.extensions.logstats] INFO: Crawled 6109 pages (at 789 pages/min), scraped 105747 items (at 37821 items/min)
2021-05-16 23:53:26 [scrapy.crawler] INFO: Received SIGINT, shutting down gracefully. Send again to force 
2021-05-16 23:53:26 [scrapy.core.engine] INFO: Closing spider (shutdown)
2021-05-16 23:53:28 [scrapy.extensions.feedexport] INFO: Stored csv feed (121252 items) in: sicop_project/crawled_data/participations_per_provider_test2.csv
2021-05-16 23:53:28 [scrapy.statscollectors] INFO: Dumping Scrapy stats:
{'downloader/request_bytes': 3228288,
 'downloader/request_count': 6635,
 'downloader/request_method_count/GET': 6635,
 'downloader/response_bytes': 121201139,
 'downloader/response_count': 6635,
 'downloader/response_status_count/200': 6635,
 'elapsed_time_seconds': 268.489572,
 'feedexport/success_count/FileFeedStorage': 1,
 'finish_reason': 'shutdown',
 'finish_time': datetime.datetime(2021, 5, 16, 23, 53, 28, 404524),
 'item_scraped_count': 121252,
 'log_count/INFO': 16,
 'memusage/max': 253784064,
 'memusage/startup': 55787520,
 'response_received_count': 6635,
 'scheduler/dequeued': 6635,
 'scheduler/dequeued/memory': 6635,
 'scheduler/enqueued': 6636,
 'scheduler/enqueued/memory': 6636,
 'start_time': datetime.datetime(2021, 5, 16, 23, 48, 59, 914952)}
2021-05-16 23:53:28 [scrapy.core.engine] INFO: Spider closed (shutdown)
