2021-07-02 07:02:57 [scrapy.extensions.telnet] INFO: Telnet Password: 11c8116312ab4b80
2021-07-02 07:02:57 [scrapy.middleware] INFO: Enabled extensions:
['scrapy.extensions.corestats.CoreStats',
 'scrapy.extensions.telnet.TelnetConsole',
 'scrapy.extensions.memusage.MemoryUsage',
 'scrapy.extensions.feedexport.FeedExporter',
 'scrapy.extensions.logstats.LogStats',
 'scrapy.extensions.throttle.AutoThrottle']
2021-07-02 07:02:57 [scrapy.middleware] INFO: Enabled downloader middlewares:
['scrapy.downloadermiddlewares.httpauth.HttpAuthMiddleware',
 'scrapy.downloadermiddlewares.downloadtimeout.DownloadTimeoutMiddleware',
 'scrapy.downloadermiddlewares.defaultheaders.DefaultHeadersMiddleware',
 'scrapy.downloadermiddlewares.useragent.UserAgentMiddleware',
 'scrapy.downloadermiddlewares.retry.RetryMiddleware',
 'scrapy.downloadermiddlewares.redirect.MetaRefreshMiddleware',
 'scrapy.downloadermiddlewares.httpcompression.HttpCompressionMiddleware',
 'scrapy.downloadermiddlewares.redirect.RedirectMiddleware',
 'scrapy.downloadermiddlewares.cookies.CookiesMiddleware',
 'scrapy.downloadermiddlewares.httpproxy.HttpProxyMiddleware',
 'scrapy.downloadermiddlewares.stats.DownloaderStats']
2021-07-02 07:02:57 [scrapy.middleware] INFO: Enabled spider middlewares:
['scrapy.spidermiddlewares.httperror.HttpErrorMiddleware',
 'scrapy.spidermiddlewares.offsite.OffsiteMiddleware',
 'scrapy.spidermiddlewares.referer.RefererMiddleware',
 'scrapy.spidermiddlewares.urllength.UrlLengthMiddleware',
 'scrapy.spidermiddlewares.depth.DepthMiddleware']
2021-07-02 07:02:57 [scrapy.middleware] INFO: Enabled item pipelines:
[]
2021-07-02 07:02:57 [scrapy.core.engine] INFO: Spider opened
2021-07-02 07:02:57 [scrapy.extensions.logstats] INFO: Crawled 0 pages (at 0 pages/min), scraped 0 items (at 0 items/min)
2021-07-02 07:02:57 [scrapy.extensions.telnet] INFO: Telnet console listening on 127.0.0.1:6023
2021-07-02 07:03:57 [scrapy.extensions.logstats] INFO: Crawled 1740 pages (at 1740 pages/min), scraped 3604 items (at 3604 items/min)
2021-07-02 07:04:57 [scrapy.extensions.logstats] INFO: Crawled 4064 pages (at 2324 pages/min), scraped 7506 items (at 3902 items/min)
2021-07-02 07:05:57 [scrapy.extensions.logstats] INFO: Crawled 6384 pages (at 2320 pages/min), scraped 11486 items (at 3980 items/min)
2021-07-02 07:06:57 [scrapy.extensions.logstats] INFO: Crawled 8468 pages (at 2084 pages/min), scraped 14940 items (at 3454 items/min)
2021-07-02 07:07:57 [scrapy.extensions.logstats] INFO: Crawled 10576 pages (at 2108 pages/min), scraped 21499 items (at 6559 items/min)
2021-07-02 07:08:57 [scrapy.extensions.logstats] INFO: Crawled 13065 pages (at 2489 pages/min), scraped 26082 items (at 4583 items/min)
2021-07-02 07:09:57 [scrapy.extensions.logstats] INFO: Crawled 15257 pages (at 2192 pages/min), scraped 30362 items (at 4280 items/min)
2021-07-02 07:10:57 [scrapy.extensions.logstats] INFO: Crawled 17648 pages (at 2391 pages/min), scraped 34715 items (at 4353 items/min)
2021-07-02 07:11:57 [scrapy.extensions.logstats] INFO: Crawled 20142 pages (at 2494 pages/min), scraped 38977 items (at 4262 items/min)
2021-07-02 07:12:57 [scrapy.extensions.logstats] INFO: Crawled 22507 pages (at 2365 pages/min), scraped 43586 items (at 4609 items/min)
2021-07-02 07:13:57 [scrapy.extensions.logstats] INFO: Crawled 24274 pages (at 1767 pages/min), scraped 48956 items (at 5370 items/min)
2021-07-02 07:14:57 [scrapy.extensions.logstats] INFO: Crawled 26661 pages (at 2387 pages/min), scraped 54515 items (at 5559 items/min)
2021-07-02 07:15:57 [scrapy.extensions.logstats] INFO: Crawled 29146 pages (at 2485 pages/min), scraped 59153 items (at 4638 items/min)
2021-07-02 07:16:57 [scrapy.extensions.logstats] INFO: Crawled 31673 pages (at 2527 pages/min), scraped 63807 items (at 4654 items/min)
2021-07-02 07:17:57 [scrapy.extensions.logstats] INFO: Crawled 34096 pages (at 2423 pages/min), scraped 67904 items (at 4097 items/min)
2021-07-02 07:18:57 [scrapy.extensions.logstats] INFO: Crawled 36571 pages (at 2475 pages/min), scraped 72112 items (at 4208 items/min)
2021-07-02 07:19:57 [scrapy.extensions.logstats] INFO: Crawled 39182 pages (at 2611 pages/min), scraped 76436 items (at 4324 items/min)
2021-07-02 07:20:57 [scrapy.extensions.logstats] INFO: Crawled 41540 pages (at 2358 pages/min), scraped 81936 items (at 5500 items/min)
2021-07-02 07:21:57 [scrapy.extensions.logstats] INFO: Crawled 43814 pages (at 2274 pages/min), scraped 88031 items (at 6095 items/min)
2021-07-02 07:22:57 [scrapy.extensions.logstats] INFO: Crawled 46337 pages (at 2523 pages/min), scraped 92555 items (at 4524 items/min)
2021-07-02 07:23:57 [scrapy.extensions.logstats] INFO: Crawled 48946 pages (at 2609 pages/min), scraped 97155 items (at 4600 items/min)
2021-07-02 07:24:57 [scrapy.extensions.logstats] INFO: Crawled 51555 pages (at 2609 pages/min), scraped 101580 items (at 4425 items/min)
2021-07-02 07:25:57 [scrapy.extensions.logstats] INFO: Crawled 54125 pages (at 2570 pages/min), scraped 105821 items (at 4241 items/min)
2021-07-02 07:26:57 [scrapy.extensions.logstats] INFO: Crawled 56747 pages (at 2622 pages/min), scraped 110060 items (at 4239 items/min)
2021-07-02 07:27:57 [scrapy.extensions.logstats] INFO: Crawled 59267 pages (at 2520 pages/min), scraped 114222 items (at 4162 items/min)
2021-07-02 07:28:57 [scrapy.extensions.logstats] INFO: Crawled 61909 pages (at 2642 pages/min), scraped 118358 items (at 4136 items/min)
2021-07-02 07:29:57 [scrapy.extensions.logstats] INFO: Crawled 64585 pages (at 2676 pages/min), scraped 122659 items (at 4301 items/min)
2021-07-02 07:30:57 [scrapy.extensions.logstats] INFO: Crawled 66944 pages (at 2359 pages/min), scraped 129256 items (at 6597 items/min)
2021-07-02 07:31:57 [scrapy.extensions.logstats] INFO: Crawled 69463 pages (at 2519 pages/min), scraped 134775 items (at 5519 items/min)
2021-07-02 07:32:57 [scrapy.extensions.logstats] INFO: Crawled 72005 pages (at 2542 pages/min), scraped 139650 items (at 4875 items/min)
2021-07-02 07:33:57 [scrapy.extensions.logstats] INFO: Crawled 74620 pages (at 2615 pages/min), scraped 144346 items (at 4696 items/min)
2021-07-02 07:34:57 [scrapy.extensions.logstats] INFO: Crawled 77287 pages (at 2667 pages/min), scraped 148873 items (at 4527 items/min)
2021-07-02 07:35:57 [scrapy.extensions.logstats] INFO: Crawled 79943 pages (at 2656 pages/min), scraped 153350 items (at 4477 items/min)
2021-07-02 07:36:57 [scrapy.extensions.logstats] INFO: Crawled 82610 pages (at 2667 pages/min), scraped 157838 items (at 4488 items/min)
2021-07-02 07:37:57 [scrapy.extensions.logstats] INFO: Crawled 85257 pages (at 2647 pages/min), scraped 162355 items (at 4517 items/min)
2021-07-02 07:38:57 [scrapy.extensions.logstats] INFO: Crawled 87834 pages (at 2577 pages/min), scraped 167276 items (at 4921 items/min)
2021-07-02 07:39:49 [scrapy.core.engine] INFO: Closing spider (finished)
2021-07-02 07:39:49 [scrapy.extensions.feedexport] INFO: Stored csv feed (172507 items) in: sicop_project/crawled_data/procedures_expedients_details_contracts_run1.csv
2021-07-02 07:39:49 [scrapy.statscollectors] INFO: Dumping Scrapy stats:
{'downloader/request_bytes': 53260694,
 'downloader/request_count': 89943,
 'downloader/request_method_count/POST': 89943,
 'downloader/response_bytes': 7715390717,
 'downloader/response_count': 89943,
 'downloader/response_status_count/200': 89943,
 'elapsed_time_seconds': 2212.226992,
 'feedexport/success_count/FileFeedStorage': 1,
 'finish_reason': 'finished',
 'finish_time': datetime.datetime(2021, 7, 2, 7, 39, 49, 639498),
 'item_scraped_count': 172507,
 'log_count/INFO': 47,
 'memusage/max': 312619008,
 'memusage/startup': 55771136,
 'response_received_count': 89943,
 'scheduler/dequeued': 89943,
 'scheduler/dequeued/memory': 89943,
 'scheduler/enqueued': 89943,
 'scheduler/enqueued/memory': 89943,
 'start_time': datetime.datetime(2021, 7, 2, 7, 2, 57, 412506)}
2021-07-02 07:39:49 [scrapy.core.engine] INFO: Spider closed (finished)
