2021-04-26 06:01:42 [scrapy.extensions.telnet] INFO: Telnet Password: f827d2bd681e08f6
2021-04-26 06:01:42 [scrapy.middleware] INFO: Enabled extensions:
['scrapy.extensions.corestats.CoreStats',
 'scrapy.extensions.telnet.TelnetConsole',
 'scrapy.extensions.memusage.MemoryUsage',
 'scrapy.extensions.feedexport.FeedExporter',
 'scrapy.extensions.logstats.LogStats',
 'scrapy.extensions.throttle.AutoThrottle']
2021-04-26 06:01:42 [scrapy.middleware] INFO: Enabled downloader middlewares:
['scrapy.downloadermiddlewares.httpauth.HttpAuthMiddleware',
 'scrapy.downloadermiddlewares.downloadtimeout.DownloadTimeoutMiddleware',
 'scrapy.downloadermiddlewares.defaultheaders.DefaultHeadersMiddleware',
 'scrapy.downloadermiddlewares.useragent.UserAgentMiddleware',
 'scrapy.downloadermiddlewares.retry.RetryMiddleware',
 'scrapy.downloadermiddlewares.redirect.MetaRefreshMiddleware',
 'scrapy.downloadermiddlewares.httpcompression.HttpCompressionMiddleware',
 'scrapy.downloadermiddlewares.redirect.RedirectMiddleware',
 'scrapy.downloadermiddlewares.cookies.CookiesMiddleware',
 'scrapy.downloadermiddlewares.httpproxy.HttpProxyMiddleware',
 'scrapy.downloadermiddlewares.stats.DownloaderStats']
2021-04-26 06:01:42 [scrapy.middleware] INFO: Enabled spider middlewares:
['scrapy.spidermiddlewares.httperror.HttpErrorMiddleware',
 'scrapy.spidermiddlewares.offsite.OffsiteMiddleware',
 'scrapy.spidermiddlewares.referer.RefererMiddleware',
 'scrapy.spidermiddlewares.urllength.UrlLengthMiddleware',
 'scrapy.spidermiddlewares.depth.DepthMiddleware']
2021-04-26 06:01:42 [scrapy.middleware] INFO: Enabled item pipelines:
[]
2021-04-26 06:01:42 [scrapy.core.engine] INFO: Spider opened
2021-04-26 06:01:42 [scrapy.extensions.logstats] INFO: Crawled 0 pages (at 0 pages/min), scraped 0 items (at 0 items/min)
2021-04-26 06:01:42 [scrapy.extensions.telnet] INFO: Telnet console listening on 127.0.0.1:6023
2021-04-26 06:02:42 [scrapy.extensions.logstats] INFO: Crawled 1634 pages (at 1634 pages/min), scraped 23672 items (at 23672 items/min)
2021-04-26 06:03:42 [scrapy.extensions.logstats] INFO: Crawled 3816 pages (at 2182 pages/min), scraped 57539 items (at 33867 items/min)
2021-04-26 06:04:42 [scrapy.extensions.logstats] INFO: Crawled 5660 pages (at 1844 pages/min), scraped 98626 items (at 41087 items/min)
2021-04-26 06:05:42 [scrapy.extensions.logstats] INFO: Crawled 6943 pages (at 1283 pages/min), scraped 147561 items (at 48935 items/min)
2021-04-26 06:06:42 [scrapy.extensions.logstats] INFO: Crawled 7519 pages (at 576 pages/min), scraped 206248 items (at 58687 items/min)
2021-04-26 06:07:42 [scrapy.extensions.logstats] INFO: Crawled 8670 pages (at 1151 pages/min), scraped 253867 items (at 47619 items/min)
2021-04-26 06:08:42 [scrapy.extensions.logstats] INFO: Crawled 10521 pages (at 1851 pages/min), scraped 292103 items (at 38236 items/min)
2021-04-26 06:09:42 [scrapy.extensions.logstats] INFO: Crawled 14436 pages (at 3915 pages/min), scraped 300214 items (at 8111 items/min)
2021-04-26 06:10:42 [scrapy.extensions.logstats] INFO: Crawled 17935 pages (at 3499 pages/min), scraped 317029 items (at 16815 items/min)
2021-04-26 06:11:42 [scrapy.extensions.logstats] INFO: Crawled 22446 pages (at 4511 pages/min), scraped 318411 items (at 1382 items/min)
2021-04-26 06:12:42 [scrapy.extensions.logstats] INFO: Crawled 25692 pages (at 3246 pages/min), scraped 323588 items (at 5177 items/min)
2021-04-26 06:13:42 [scrapy.extensions.logstats] INFO: Crawled 28785 pages (at 3093 pages/min), scraped 327538 items (at 3950 items/min)
2021-04-26 06:14:42 [scrapy.extensions.logstats] INFO: Crawled 30408 pages (at 1623 pages/min), scraped 367950 items (at 40412 items/min)
2021-04-26 06:15:42 [scrapy.extensions.logstats] INFO: Crawled 31299 pages (at 891 pages/min), scraped 418453 items (at 50503 items/min)
2021-04-26 06:16:42 [scrapy.extensions.logstats] INFO: Crawled 32720 pages (at 1421 pages/min), scraped 463437 items (at 44984 items/min)
2021-04-26 06:17:42 [scrapy.extensions.logstats] INFO: Crawled 35135 pages (at 2415 pages/min), scraped 492616 items (at 29179 items/min)
2021-04-26 06:18:42 [scrapy.extensions.logstats] INFO: Crawled 37182 pages (at 2047 pages/min), scraped 528851 items (at 36235 items/min)
2021-04-26 06:19:42 [scrapy.extensions.logstats] INFO: Crawled 39525 pages (at 2343 pages/min), scraped 561126 items (at 32275 items/min)
2021-04-26 06:20:42 [scrapy.extensions.logstats] INFO: Crawled 41425 pages (at 1900 pages/min), scraped 599131 items (at 38005 items/min)
2021-04-26 06:21:42 [scrapy.extensions.logstats] INFO: Crawled 43023 pages (at 1598 pages/min), scraped 642088 items (at 42957 items/min)
2021-04-26 06:22:42 [scrapy.extensions.logstats] INFO: Crawled 45705 pages (at 2682 pages/min), scraped 668772 items (at 26684 items/min)
2021-04-26 06:23:42 [scrapy.extensions.logstats] INFO: Crawled 47685 pages (at 1980 pages/min), scraped 705742 items (at 36970 items/min)
2021-04-26 06:24:24 [scrapy.core.engine] INFO: Closing spider (finished)
2021-04-26 06:24:24 [scrapy.extensions.feedexport] INFO: Stored csv feed (738355 items) in: sicop_project/crawled_data/providers_per_wgscategory_test.csv
2021-04-26 06:24:24 [scrapy.statscollectors] INFO: Dumping Scrapy stats:
{'downloader/request_bytes': 22192982,
 'downloader/request_count': 48585,
 'downloader/request_method_count/POST': 48585,
 'downloader/response_bytes': 981035850,
 'downloader/response_count': 48585,
 'downloader/response_status_count/200': 48585,
 'dupefilter/filtered': 62665,
 'elapsed_time_seconds': 1361.856899,
 'feedexport/success_count/FileFeedStorage': 1,
 'finish_reason': 'finished',
 'finish_time': datetime.datetime(2021, 4, 26, 6, 24, 24, 265633),
 'item_scraped_count': 738355,
 'log_count/INFO': 33,
 'memusage/max': 372330496,
 'memusage/startup': 56262656,
 'response_received_count': 48585,
 'scheduler/dequeued': 48585,
 'scheduler/dequeued/memory': 48585,
 'scheduler/enqueued': 48585,
 'scheduler/enqueued/memory': 48585,
 'start_time': datetime.datetime(2021, 4, 26, 6, 1, 42, 408734)}
2021-04-26 06:24:24 [scrapy.core.engine] INFO: Spider closed (finished)
