2021-04-18 23:00:20 [scrapy.extensions.telnet] INFO: Telnet Password: 4f95c8f2859237a3
2021-04-18 23:00:20 [scrapy.middleware] INFO: Enabled extensions:
['scrapy.extensions.corestats.CoreStats',
 'scrapy.extensions.telnet.TelnetConsole',
 'scrapy.extensions.memusage.MemoryUsage',
 'scrapy.extensions.logstats.LogStats']
2021-04-18 23:00:20 [scrapy.middleware] INFO: Enabled downloader middlewares:
['scrapy.downloadermiddlewares.httpauth.HttpAuthMiddleware',
 'scrapy.downloadermiddlewares.downloadtimeout.DownloadTimeoutMiddleware',
 'scrapy.downloadermiddlewares.defaultheaders.DefaultHeadersMiddleware',
 'scrapy.downloadermiddlewares.useragent.UserAgentMiddleware',
 'scrapy.downloadermiddlewares.retry.RetryMiddleware',
 'scrapy.downloadermiddlewares.redirect.MetaRefreshMiddleware',
 'scrapy.downloadermiddlewares.httpcompression.HttpCompressionMiddleware',
 'scrapy.downloadermiddlewares.redirect.RedirectMiddleware',
 'scrapy.downloadermiddlewares.cookies.CookiesMiddleware',
 'scrapy.downloadermiddlewares.httpproxy.HttpProxyMiddleware',
 'scrapy.downloadermiddlewares.stats.DownloaderStats']
2021-04-18 23:00:20 [scrapy.middleware] INFO: Enabled spider middlewares:
['scrapy.spidermiddlewares.httperror.HttpErrorMiddleware',
 'scrapy.spidermiddlewares.offsite.OffsiteMiddleware',
 'scrapy.spidermiddlewares.referer.RefererMiddleware',
 'scrapy.spidermiddlewares.urllength.UrlLengthMiddleware',
 'scrapy.spidermiddlewares.depth.DepthMiddleware']
2021-04-18 23:00:20 [scrapy.middleware] INFO: Enabled item pipelines:
['sicop_project.pipelines.PgsCategoryPipeline']
2021-04-18 23:00:20 [scrapy.core.engine] INFO: Spider opened
2021-04-18 23:00:20 [root] INFO: MANUAL LOG | PgsCategoryPipeline: Opening spider
2021-04-18 23:00:20 [scrapy.extensions.logstats] INFO: Crawled 0 pages (at 0 pages/min), scraped 0 items (at 0 items/min)
2021-04-18 23:00:20 [scrapy.extensions.telnet] INFO: Telnet console listening on 127.0.0.1:6023
2021-04-18 23:00:20 [scrapy.core.engine] INFO: Closing spider (finished)
2021-04-18 23:00:20 [root] INFO: MANUAL LOG | PgsCategoryPipeline: Closing spider
2021-04-18 23:00:20 [scrapy.statscollectors] INFO: Dumping Scrapy stats:
{'downloader/request_bytes': 310,
 'downloader/request_count': 1,
 'downloader/request_method_count/GET': 1,
 'downloader/response_bytes': 11391,
 'downloader/response_count': 1,
 'downloader/response_status_count/200': 1,
 'elapsed_time_seconds': 0.46554,
 'finish_reason': 'finished',
 'finish_time': datetime.datetime(2021, 4, 18, 23, 0, 20, 874258),
 'log_count/INFO': 12,
 'memusage/max': 56164352,
 'memusage/startup': 56164352,
 'response_received_count': 1,
 'scheduler/dequeued': 1,
 'scheduler/dequeued/memory': 1,
 'scheduler/enqueued': 1,
 'scheduler/enqueued/memory': 1,
 'start_time': datetime.datetime(2021, 4, 18, 23, 0, 20, 408718)}
2021-04-18 23:00:20 [scrapy.core.engine] INFO: Spider closed (finished)
